#
# There is insufficient memory for the Java Runtime Environment to continue.
# Native memory allocation (mmap) failed to map 65536 bytes for Failed to commit metaspace.
# Possible reasons:
#   The system is out of physical RAM or swap space
#   The process is running with CompressedOops enabled, and the Java Heap may be blocking the growth of the native heap
# Possible solutions:
#   Reduce memory load on the system
#   Increase physical memory or swap space
#   Check if swap backing store is full
#   Decrease Java heap size (-Xmx/-Xms)
#   Decrease number of Java threads
#   Decrease Java thread stack sizes (-Xss)
#   Set larger code cache with -XX:ReservedCodeCacheSize=
#   JVM is running with Unscaled Compressed Oops mode in which the Java heap is
#     placed in the first 4GB address space. The Java Heap base address is the
#     maximum limit for the native heap growth. Please use -XX:HeapBaseMinAddress
#     to set the Java Heap base and to place the Java Heap above 4GB virtual address.
# This output file may be truncated or incomplete.
#
#  Out of Memory Error (virtualSpaceNode.cpp:110), pid=22404, tid=7056
#
# JRE version: OpenJDK Runtime Environment Temurin-17.0.6+10 (17.0.6+10) (build 17.0.6+10)
# Java VM: OpenJDK 64-Bit Server VM Temurin-17.0.6+10 (17.0.6+10, mixed mode, emulated-client, tiered, compressed oops, compressed class ptrs, g1 gc, windows-amd64)
# No core dump will be written. Minidumps are not enabled by default on client versions of Windows
#

---------------  S U M M A R Y ------------

Command Line: -Dcom.sun.management.jmxremote -Dcom.sun.management.jmxremote.port=5570 -Dcom.sun.management.jmxremote.authenticate=false -Dcom.sun.management.jmxremote.ssl=false -Djava.rmi.server.hostname=localhost -Dspring.jmx.enabled=true -Dmanagement.endpoints.jmx.exposure.include=* -Dspring.application.admin.enabled=true -XX:TieredStopAtLevel=1 -Dspring.boot.project.name=springEx1 -Dfile.encoding=UTF-8 -XX:+ShowCodeDetailsInExceptionMessages com.co.kr.SpringEx1Application --spring.output.ansi.enabled=always

Host: Intel(R) Core(TM) i5-10210U CPU @ 1.60GHz, 8 cores, 7G,  Windows 11 , 64 bit Build 22000 (10.0.22000.1516)
Time: Tue Mar 21 01:01:49 2023  Windows 11 , 64 bit Build 22000 (10.0.22000.1516) elapsed time: 0.932569 seconds (0d 0h 0m 0s)

---------------  T H R E A D  ---------------

Current thread (0x0000028373a5a1e0):  JavaThread "main" [_thread_in_vm, id=7056, stack(0x0000009498a00000,0x0000009498b00000)]

Stack: [0x0000009498a00000,0x0000009498b00000]
Native frames: (J=compiled Java code, j=interpreted, Vv=VM code, C=native code)
V  [jvm.dll+0x67741a]
V  [jvm.dll+0x834434]
V  [jvm.dll+0x835bde]
V  [jvm.dll+0x836243]
V  [jvm.dll+0x2457b5]
V  [jvm.dll+0x8304cb]
V  [jvm.dll+0x61bca6]
V  [jvm.dll+0x61bd0a]
V  [jvm.dll+0x61e52a]
V  [jvm.dll+0x61c646]
V  [jvm.dll+0x23b2a0]
V  [jvm.dll+0x1eae0d]
V  [jvm.dll+0x1e0841]
V  [jvm.dll+0x53c6d0]
V  [jvm.dll+0x1f1017]
V  [jvm.dll+0x7aea1b]
V  [jvm.dll+0x7afdc2]
V  [jvm.dll+0x7b0559]
V  [jvm.dll+0x1eb654]
V  [jvm.dll+0x1e085a]
V  [jvm.dll+0x53c6d0]
V  [jvm.dll+0x1f1017]
V  [jvm.dll+0x7aea1b]
V  [jvm.dll+0x7afdc2]
V  [jvm.dll+0x7b0559]
V  [jvm.dll+0x1eb654]
V  [jvm.dll+0x1e085a]
V  [jvm.dll+0x53c6d0]
V  [jvm.dll+0x1f1017]
V  [jvm.dll+0x7aea1b]
V  [jvm.dll+0x7afdc2]
V  [jvm.dll+0x7b00f8]
V  [jvm.dll+0x23dbbe]
V  [jvm.dll+0x37ecce]
C  0x000002837712993b

Java frames: (J=compiled Java code, j=interpreted, Vv=VM code)
j  sun.net.www.protocol.file.Handler.createFileURLConnection(Ljava/net/URL;Ljava/io/File;)Ljava/net/URLConnection;+0 java.base@17.0.6
j  sun.net.www.protocol.file.Handler.openConnection(Ljava/net/URL;Ljava/net/Proxy;)Ljava/net/URLConnection;+79 java.base@17.0.6
j  sun.net.www.protocol.file.Handler.openConnection(Ljava/net/URL;)Ljava/net/URLConnection;+3 java.base@17.0.6
j  java.net.URL.openConnection()Ljava/net/URLConnection;+5 java.base@17.0.6
j  sun.security.util.LazyCodeSourcePermissionCollection.ensureAdded()V+37 java.base@17.0.6
j  sun.security.util.LazyCodeSourcePermissionCollection.elements()Ljava/util/Enumeration;+1 java.base@17.0.6
j  sun.security.provider.PolicyFile.getPermissions(Ljava/security/ProtectionDomain;)Ljava/security/PermissionCollection;+36 java.base@17.0.6
j  sun.security.provider.PolicyFile.implies(Ljava/security/ProtectionDomain;Ljava/security/Permission;)Z+31 java.base@17.0.6
j  java.security.ProtectionDomain.implies(Ljava/security/Permission;)Z+21 java.base@17.0.6
j  java.security.ProtectionDomain.impliesWithAltFilePerm(Ljava/security/Permission;)Z+23 java.base@17.0.6
j  java.security.AccessControlContext.checkPermission(Ljava/security/Permission;)V+323 java.base@17.0.6
j  java.security.AccessController.checkPermission(Ljava/security/Permission;)V+161 java.base@17.0.6
j  ch.qos.logback.core.util.Loader$1.run()Ljava/lang/Boolean;+9
j  ch.qos.logback.core.util.Loader$1.run()Ljava/lang/Object;+1
J 812 c1 java.security.AccessController.doPrivileged(Ljava/security/PrivilegedAction;)Ljava/lang/Object; java.base@17.0.6 (9 bytes) @ 0x00000283774472fc [0x00000283774472c0+0x000000000000003c]
j  ch.qos.logback.core.util.Loader.<clinit>()V+34
v  ~StubRoutines::call_stub
j  ch.qos.logback.classic.util.ContextInitializer.findURLOfDefaultConfigurationFile(Z)Ljava/net/URL;+1
j  ch.qos.logback.classic.util.ContextInitializer.autoConfig()V+9
j  org.slf4j.impl.StaticLoggerBinder.init()V+11
j  org.slf4j.impl.StaticLoggerBinder.<clinit>()V+28
v  ~StubRoutines::call_stub
j  org.slf4j.LoggerFactory.bind()V+16
j  org.slf4j.LoggerFactory.performInitialization()V+0
j  org.slf4j.LoggerFactory.getILoggerFactory()Lorg/slf4j/ILoggerFactory;+21
j  org.slf4j.LoggerFactory.getLogger(Ljava/lang/String;)Lorg/slf4j/Logger;+0
j  org.apache.commons.logging.LogAdapter$Slf4jAdapter.createLocationAwareLog(Ljava/lang/String;)Lorg/apache/commons/logging/Log;+1
j  org.apache.commons.logging.LogAdapter.createLog(Ljava/lang/String;)Lorg/apache/commons/logging/Log;+42
j  org.apache.commons.logging.LogFactory.getLog(Ljava/lang/String;)Lorg/apache/commons/logging/Log;+1
j  org.apache.commons.logging.LogFactory.getLog(Ljava/lang/Class;)Lorg/apache/commons/logging/Log;+4
j  org.springframework.boot.SpringApplication.<clinit>()V+2
v  ~StubRoutines::call_stub
j  com.co.kr.SpringEx1Application.main([Ljava/lang/String;)V+3
v  ~StubRoutines::call_stub

---------------  P R O C E S S  ---------------

Threads class SMR info:
_java_thread_list=0x000002830307ee60, length=16, elements={
0x0000028373a5a1e0, 0x000002837f7ac270, 0x000002837f7ad5c0, 0x00000283028182e0,
0x00000283028190a0, 0x000002830281c200, 0x000002830281cbb0, 0x000002830281d220,
0x0000028302841510, 0x0000028302886ff0, 0x000002830294afd0, 0x00000283029c4050,
0x0000028302a13320, 0x0000028303053e90, 0x0000028302fd6ea0, 0x0000028302fd79d0
}

Java Threads: ( => current thread )
=>0x0000028373a5a1e0 JavaThread "main" [_thread_in_vm, id=7056, stack(0x0000009498a00000,0x0000009498b00000)]
  0x000002837f7ac270 JavaThread "Reference Handler" daemon [_thread_blocked, id=25236, stack(0x0000009499100000,0x0000009499200000)]
  0x000002837f7ad5c0 JavaThread "Finalizer" daemon [_thread_blocked, id=6000, stack(0x0000009499200000,0x0000009499300000)]
  0x00000283028182e0 JavaThread "Signal Dispatcher" daemon [_thread_blocked, id=20792, stack(0x0000009499300000,0x0000009499400000)]
  0x00000283028190a0 JavaThread "Attach Listener" daemon [_thread_blocked, id=24028, stack(0x0000009499400000,0x0000009499500000)]
  0x000002830281c200 JavaThread "Service Thread" daemon [_thread_blocked, id=21888, stack(0x0000009499500000,0x0000009499600000)]
  0x000002830281cbb0 JavaThread "Monitor Deflation Thread" daemon [_thread_blocked, id=3220, stack(0x0000009499600000,0x0000009499700000)]
  0x000002830281d220 JavaThread "C1 CompilerThread0" daemon [_thread_blocked, id=21840, stack(0x0000009499700000,0x0000009499800000)]
  0x0000028302841510 JavaThread "Sweeper thread" daemon [_thread_blocked, id=24480, stack(0x0000009499800000,0x0000009499900000)]
  0x0000028302886ff0 JavaThread "Common-Cleaner" daemon [_thread_blocked, id=21884, stack(0x0000009499900000,0x0000009499a00000)]
  0x000002830294afd0 JavaThread "C1 CompilerThread1" daemon [_thread_blocked, id=19816, stack(0x0000009499a00000,0x0000009499b00000)]
  0x00000283029c4050 JavaThread "C1 CompilerThread2" daemon [_thread_blocked, id=21908, stack(0x0000009499b00000,0x0000009499c00000)]
  0x0000028302a13320 JavaThread "Notification Thread" daemon [_thread_blocked, id=28164, stack(0x0000009499c00000,0x0000009499d00000)]
  0x0000028303053e90 JavaThread "RMI TCP Accept-0" daemon [_thread_in_native, id=28220, stack(0x0000009499d00000,0x0000009499e00000)]
  0x0000028302fd6ea0 JavaThread "RMI TCP Accept-5570" daemon [_thread_in_native, id=28200, stack(0x0000009499e00000,0x0000009499f00000)]
  0x0000028302fd79d0 JavaThread "RMI TCP Accept-0" daemon [_thread_in_native, id=28128, stack(0x0000009499f00000,0x000000949a000000)]

Other Threads:
  0x000002837f786ea0 VMThread "VM Thread" [stack: 0x0000009499000000,0x0000009499100000] [id=25144]
  0x0000028373accda0 WatcherThread [stack: 0x000000949a000000,0x000000949a100000] [id=23464]
  0x0000028373ab33c0 GCTaskThread "GC Thread#0" [stack: 0x0000009498b00000,0x0000009498c00000] [id=26364]
  0x0000028373ac4640 ConcurrentGCThread "G1 Main Marker" [stack: 0x0000009498c00000,0x0000009498d00000] [id=4724]
  0x0000028373ac5050 ConcurrentGCThread "G1 Conc#0" [stack: 0x0000009498d00000,0x0000009498e00000] [id=27964]
  0x0000028373b1e1b0 ConcurrentGCThread "G1 Refine#0" [stack: 0x0000009498e00000,0x0000009498f00000] [id=11456]
  0x0000028373b1ebd0 ConcurrentGCThread "G1 Service" [stack: 0x0000009498f00000,0x0000009499000000] [id=27976]

Threads with active compile tasks:

VM state: not at safepoint (normal execution)

VM Mutex/Monitor currently owned by a thread:  ([mutex/lock_event])
[0x0000028373a522e0] Metaspace_lock - owner thread: 0x0000028373a5a1e0

Heap address: 0x0000000082e00000, size: 2002 MB, Compressed Oops mode: 32-bit

CDS archive(s) not mapped
Compressed class space mapped at: 0x0000000100000000-0x0000000140000000, reserved size: 1073741824
Narrow klass base: 0x0000000000000000, Narrow klass shift: 3, Narrow klass range: 0x140000000

GC Precious Log:
 CPUs: 8 total, 8 available
 Memory: 8001M
 Large Page Support: Disabled
 NUMA Support: Disabled
 Compressed Oops: Enabled (32-bit)
 Heap Region Size: 1M
 Heap Min Capacity: 8M
 Heap Initial Capacity: 126M
 Heap Max Capacity: 2002M
 Pre-touch: Disabled
 Parallel Workers: 8
 Concurrent Workers: 2
 Concurrent Refinement Workers: 8
 Periodic GC: Disabled

Heap:
 garbage-first heap   total 129024K, used 13312K [0x0000000082e00000, 0x0000000100000000)
  region size 1024K, 14 young (14336K), 0 survivors (0K)
 Metaspace       used 13154K, committed 13312K, reserved 1064960K
  class space    used 1336K, committed 1408K, reserved 1048576K

Heap Regions: E=young(eden), S=young(survivor), O=old, HS=humongous(starts), HC=humongous(continues), CS=collection set, F=free, OA=open archive, CA=closed archive, TAMS=top-at-mark-start (previous, next)
|   0|0x0000000082e00000, 0x0000000082e00000, 0x0000000082f00000|  0%| F|  |TAMS 0x0000000082e00000, 0x0000000082e00000| Untracked 
|   1|0x0000000082f00000, 0x0000000082f00000, 0x0000000083000000|  0%| F|  |TAMS 0x0000000082f00000, 0x0000000082f00000| Untracked 
|   2|0x0000000083000000, 0x0000000083000000, 0x0000000083100000|  0%| F|  |TAMS 0x0000000083000000, 0x0000000083000000| Untracked 
|   3|0x0000000083100000, 0x0000000083100000, 0x0000000083200000|  0%| F|  |TAMS 0x0000000083100000, 0x0000000083100000| Untracked 
|   4|0x0000000083200000, 0x0000000083200000, 0x0000000083300000|  0%| F|  |TAMS 0x0000000083200000, 0x0000000083200000| Untracked 
|   5|0x0000000083300000, 0x0000000083300000, 0x0000000083400000|  0%| F|  |TAMS 0x0000000083300000, 0x0000000083300000| Untracked 
|   6|0x0000000083400000, 0x0000000083400000, 0x0000000083500000|  0%| F|  |TAMS 0x0000000083400000, 0x0000000083400000| Untracked 
|   7|0x0000000083500000, 0x0000000083500000, 0x0000000083600000|  0%| F|  |TAMS 0x0000000083500000, 0x0000000083500000| Untracked 
|   8|0x0000000083600000, 0x0000000083600000, 0x0000000083700000|  0%| F|  |TAMS 0x0000000083600000, 0x0000000083600000| Untracked 
|   9|0x0000000083700000, 0x0000000083700000, 0x0000000083800000|  0%| F|  |TAMS 0x0000000083700000, 0x0000000083700000| Untracked 
|  10|0x0000000083800000, 0x0000000083800000, 0x0000000083900000|  0%| F|  |TAMS 0x0000000083800000, 0x0000000083800000| Untracked 
|  11|0x0000000083900000, 0x0000000083900000, 0x0000000083a00000|  0%| F|  |TAMS 0x0000000083900000, 0x0000000083900000| Untracked 
|  12|0x0000000083a00000, 0x0000000083a00000, 0x0000000083b00000|  0%| F|  |TAMS 0x0000000083a00000, 0x0000000083a00000| Untracked 
|  13|0x0000000083b00000, 0x0000000083b00000, 0x0000000083c00000|  0%| F|  |TAMS 0x0000000083b00000, 0x0000000083b00000| Untracked 
|  14|0x0000000083c00000, 0x0000000083c00000, 0x0000000083d00000|  0%| F|  |TAMS 0x0000000083c00000, 0x0000000083c00000| Untracked 
|  15|0x0000000083d00000, 0x0000000083d00000, 0x0000000083e00000|  0%| F|  |TAMS 0x0000000083d00000, 0x0000000083d00000| Untracked 
|  16|0x0000000083e00000, 0x0000000083e00000, 0x0000000083f00000|  0%| F|  |TAMS 0x0000000083e00000, 0x0000000083e00000| Untracked 
|  17|0x0000000083f00000, 0x0000000083f00000, 0x0000000084000000|  0%| F|  |TAMS 0x0000000083f00000, 0x0000000083f00000| Untracked 
|  18|0x0000000084000000, 0x0000000084000000, 0x0000000084100000|  0%| F|  |TAMS 0x0000000084000000, 0x0000000084000000| Untracked 
|  19|0x0000000084100000, 0x0000000084100000, 0x0000000084200000|  0%| F|  |TAMS 0x0000000084100000, 0x0000000084100000| Untracked 
|  20|0x0000000084200000, 0x0000000084200000, 0x0000000084300000|  0%| F|  |TAMS 0x0000000084200000, 0x0000000084200000| Untracked 
|  21|0x0000000084300000, 0x0000000084300000, 0x0000000084400000|  0%| F|  |TAMS 0x0000000084300000, 0x0000000084300000| Untracked 
|  22|0x0000000084400000, 0x0000000084400000, 0x0000000084500000|  0%| F|  |TAMS 0x0000000084400000, 0x0000000084400000| Untracked 
|  23|0x0000000084500000, 0x0000000084500000, 0x0000000084600000|  0%| F|  |TAMS 0x0000000084500000, 0x0000000084500000| Untracked 
|  24|0x0000000084600000, 0x0000000084600000, 0x0000000084700000|  0%| F|  |TAMS 0x0000000084600000, 0x0000000084600000| Untracked 
|  25|0x0000000084700000, 0x0000000084700000, 0x0000000084800000|  0%| F|  |TAMS 0x0000000084700000, 0x0000000084700000| Untracked 
|  26|0x0000000084800000, 0x0000000084800000, 0x0000000084900000|  0%| F|  |TAMS 0x0000000084800000, 0x0000000084800000| Untracked 
|  27|0x0000000084900000, 0x0000000084900000, 0x0000000084a00000|  0%| F|  |TAMS 0x0000000084900000, 0x0000000084900000| Untracked 
|  28|0x0000000084a00000, 0x0000000084a00000, 0x0000000084b00000|  0%| F|  |TAMS 0x0000000084a00000, 0x0000000084a00000| Untracked 
|  29|0x0000000084b00000, 0x0000000084b00000, 0x0000000084c00000|  0%| F|  |TAMS 0x0000000084b00000, 0x0000000084b00000| Untracked 
|  30|0x0000000084c00000, 0x0000000084c00000, 0x0000000084d00000|  0%| F|  |TAMS 0x0000000084c00000, 0x0000000084c00000| Untracked 
|  31|0x0000000084d00000, 0x0000000084d00000, 0x0000000084e00000|  0%| F|  |TAMS 0x0000000084d00000, 0x0000000084d00000| Untracked 
|  32|0x0000000084e00000, 0x0000000084e00000, 0x0000000084f00000|  0%| F|  |TAMS 0x0000000084e00000, 0x0000000084e00000| Untracked 
|  33|0x0000000084f00000, 0x0000000084f00000, 0x0000000085000000|  0%| F|  |TAMS 0x0000000084f00000, 0x0000000084f00000| Untracked 
|  34|0x0000000085000000, 0x0000000085000000, 0x0000000085100000|  0%| F|  |TAMS 0x0000000085000000, 0x0000000085000000| Untracked 
|  35|0x0000000085100000, 0x0000000085100000, 0x0000000085200000|  0%| F|  |TAMS 0x0000000085100000, 0x0000000085100000| Untracked 
|  36|0x0000000085200000, 0x0000000085200000, 0x0000000085300000|  0%| F|  |TAMS 0x0000000085200000, 0x0000000085200000| Untracked 
|  37|0x0000000085300000, 0x0000000085300000, 0x0000000085400000|  0%| F|  |TAMS 0x0000000085300000, 0x0000000085300000| Untracked 
|  38|0x0000000085400000, 0x0000000085400000, 0x0000000085500000|  0%| F|  |TAMS 0x0000000085400000, 0x0000000085400000| Untracked 
|  39|0x0000000085500000, 0x0000000085500000, 0x0000000085600000|  0%| F|  |TAMS 0x0000000085500000, 0x0000000085500000| Untracked 
|  40|0x0000000085600000, 0x0000000085600000, 0x0000000085700000|  0%| F|  |TAMS 0x0000000085600000, 0x0000000085600000| Untracked 
|  41|0x0000000085700000, 0x0000000085700000, 0x0000000085800000|  0%| F|  |TAMS 0x0000000085700000, 0x0000000085700000| Untracked 
|  42|0x0000000085800000, 0x0000000085800000, 0x0000000085900000|  0%| F|  |TAMS 0x0000000085800000, 0x0000000085800000| Untracked 
|  43|0x0000000085900000, 0x0000000085900000, 0x0000000085a00000|  0%| F|  |TAMS 0x0000000085900000, 0x0000000085900000| Untracked 
|  44|0x0000000085a00000, 0x0000000085a00000, 0x0000000085b00000|  0%| F|  |TAMS 0x0000000085a00000, 0x0000000085a00000| Untracked 
|  45|0x0000000085b00000, 0x0000000085b00000, 0x0000000085c00000|  0%| F|  |TAMS 0x0000000085b00000, 0x0000000085b00000| Untracked 
|  46|0x0000000085c00000, 0x0000000085c00000, 0x0000000085d00000|  0%| F|  |TAMS 0x0000000085c00000, 0x0000000085c00000| Untracked 
|  47|0x0000000085d00000, 0x0000000085d00000, 0x0000000085e00000|  0%| F|  |TAMS 0x0000000085d00000, 0x0000000085d00000| Untracked 
|  48|0x0000000085e00000, 0x0000000085e00000, 0x0000000085f00000|  0%| F|  |TAMS 0x0000000085e00000, 0x0000000085e00000| Untracked 
|  49|0x0000000085f00000, 0x0000000085f00000, 0x0000000086000000|  0%| F|  |TAMS 0x0000000085f00000, 0x0000000085f00000| Untracked 
|  50|0x0000000086000000, 0x0000000086000000, 0x0000000086100000|  0%| F|  |TAMS 0x0000000086000000, 0x0000000086000000| Untracked 
|  51|0x0000000086100000, 0x0000000086100000, 0x0000000086200000|  0%| F|  |TAMS 0x0000000086100000, 0x0000000086100000| Untracked 
|  52|0x0000000086200000, 0x0000000086200000, 0x0000000086300000|  0%| F|  |TAMS 0x0000000086200000, 0x0000000086200000| Untracked 
|  53|0x0000000086300000, 0x0000000086300000, 0x0000000086400000|  0%| F|  |TAMS 0x0000000086300000, 0x0000000086300000| Untracked 
|  54|0x0000000086400000, 0x0000000086400000, 0x0000000086500000|  0%| F|  |TAMS 0x0000000086400000, 0x0000000086400000| Untracked 
|  55|0x0000000086500000, 0x0000000086500000, 0x0000000086600000|  0%| F|  |TAMS 0x0000000086500000, 0x0000000086500000| Untracked 
|  56|0x0000000086600000, 0x0000000086600000, 0x0000000086700000|  0%| F|  |TAMS 0x0000000086600000, 0x0000000086600000| Untracked 
|  57|0x0000000086700000, 0x0000000086700000, 0x0000000086800000|  0%| F|  |TAMS 0x0000000086700000, 0x0000000086700000| Untracked 
|  58|0x0000000086800000, 0x0000000086800000, 0x0000000086900000|  0%| F|  |TAMS 0x0000000086800000, 0x0000000086800000| Untracked 
|  59|0x0000000086900000, 0x0000000086900000, 0x0000000086a00000|  0%| F|  |TAMS 0x0000000086900000, 0x0000000086900000| Untracked 
|  60|0x0000000086a00000, 0x0000000086a00000, 0x0000000086b00000|  0%| F|  |TAMS 0x0000000086a00000, 0x0000000086a00000| Untracked 
|  61|0x0000000086b00000, 0x0000000086b00000, 0x0000000086c00000|  0%| F|  |TAMS 0x0000000086b00000, 0x0000000086b00000| Untracked 
|  62|0x0000000086c00000, 0x0000000086c00000, 0x0000000086d00000|  0%| F|  |TAMS 0x0000000086c00000, 0x0000000086c00000| Untracked 
|  63|0x0000000086d00000, 0x0000000086d00000, 0x0000000086e00000|  0%| F|  |TAMS 0x0000000086d00000, 0x0000000086d00000| Untracked 
|  64|0x0000000086e00000, 0x0000000086e00000, 0x0000000086f00000|  0%| F|  |TAMS 0x0000000086e00000, 0x0000000086e00000| Untracked 
|  65|0x0000000086f00000, 0x0000000086f00000, 0x0000000087000000|  0%| F|  |TAMS 0x0000000086f00000, 0x0000000086f00000| Untracked 
|  66|0x0000000087000000, 0x0000000087000000, 0x0000000087100000|  0%| F|  |TAMS 0x0000000087000000, 0x0000000087000000| Untracked 
|  67|0x0000000087100000, 0x0000000087100000, 0x0000000087200000|  0%| F|  |TAMS 0x0000000087100000, 0x0000000087100000| Untracked 
|  68|0x0000000087200000, 0x0000000087200000, 0x0000000087300000|  0%| F|  |TAMS 0x0000000087200000, 0x0000000087200000| Untracked 
|  69|0x0000000087300000, 0x0000000087300000, 0x0000000087400000|  0%| F|  |TAMS 0x0000000087300000, 0x0000000087300000| Untracked 
|  70|0x0000000087400000, 0x0000000087400000, 0x0000000087500000|  0%| F|  |TAMS 0x0000000087400000, 0x0000000087400000| Untracked 
|  71|0x0000000087500000, 0x0000000087500000, 0x0000000087600000|  0%| F|  |TAMS 0x0000000087500000, 0x0000000087500000| Untracked 
|  72|0x0000000087600000, 0x0000000087600000, 0x0000000087700000|  0%| F|  |TAMS 0x0000000087600000, 0x0000000087600000| Untracked 
|  73|0x0000000087700000, 0x0000000087700000, 0x0000000087800000|  0%| F|  |TAMS 0x0000000087700000, 0x0000000087700000| Untracked 
|  74|0x0000000087800000, 0x0000000087800000, 0x0000000087900000|  0%| F|  |TAMS 0x0000000087800000, 0x0000000087800000| Untracked 
|  75|0x0000000087900000, 0x0000000087900000, 0x0000000087a00000|  0%| F|  |TAMS 0x0000000087900000, 0x0000000087900000| Untracked 
|  76|0x0000000087a00000, 0x0000000087a00000, 0x0000000087b00000|  0%| F|  |TAMS 0x0000000087a00000, 0x0000000087a00000| Untracked 
|  77|0x0000000087b00000, 0x0000000087b00000, 0x0000000087c00000|  0%| F|  |TAMS 0x0000000087b00000, 0x0000000087b00000| Untracked 
|  78|0x0000000087c00000, 0x0000000087c00000, 0x0000000087d00000|  0%| F|  |TAMS 0x0000000087c00000, 0x0000000087c00000| Untracked 
|  79|0x0000000087d00000, 0x0000000087d00000, 0x0000000087e00000|  0%| F|  |TAMS 0x0000000087d00000, 0x0000000087d00000| Untracked 
|  80|0x0000000087e00000, 0x0000000087e00000, 0x0000000087f00000|  0%| F|  |TAMS 0x0000000087e00000, 0x0000000087e00000| Untracked 
|  81|0x0000000087f00000, 0x0000000087f00000, 0x0000000088000000|  0%| F|  |TAMS 0x0000000087f00000, 0x0000000087f00000| Untracked 
|  82|0x0000000088000000, 0x0000000088000000, 0x0000000088100000|  0%| F|  |TAMS 0x0000000088000000, 0x0000000088000000| Untracked 
|  83|0x0000000088100000, 0x0000000088100000, 0x0000000088200000|  0%| F|  |TAMS 0x0000000088100000, 0x0000000088100000| Untracked 
|  84|0x0000000088200000, 0x0000000088200000, 0x0000000088300000|  0%| F|  |TAMS 0x0000000088200000, 0x0000000088200000| Untracked 
|  85|0x0000000088300000, 0x0000000088300000, 0x0000000088400000|  0%| F|  |TAMS 0x0000000088300000, 0x0000000088300000| Untracked 
|  86|0x0000000088400000, 0x0000000088400000, 0x0000000088500000|  0%| F|  |TAMS 0x0000000088400000, 0x0000000088400000| Untracked 
|  87|0x0000000088500000, 0x0000000088500000, 0x0000000088600000|  0%| F|  |TAMS 0x0000000088500000, 0x0000000088500000| Untracked 
|  88|0x0000000088600000, 0x0000000088600000, 0x0000000088700000|  0%| F|  |TAMS 0x0000000088600000, 0x0000000088600000| Untracked 
|  89|0x0000000088700000, 0x0000000088700000, 0x0000000088800000|  0%| F|  |TAMS 0x0000000088700000, 0x0000000088700000| Untracked 
|  90|0x0000000088800000, 0x0000000088800000, 0x0000000088900000|  0%| F|  |TAMS 0x0000000088800000, 0x0000000088800000| Untracked 
|  91|0x0000000088900000, 0x0000000088900000, 0x0000000088a00000|  0%| F|  |TAMS 0x0000000088900000, 0x0000000088900000| Untracked 
|  92|0x0000000088a00000, 0x0000000088a00000, 0x0000000088b00000|  0%| F|  |TAMS 0x0000000088a00000, 0x0000000088a00000| Untracked 
|  93|0x0000000088b00000, 0x0000000088b00000, 0x0000000088c00000|  0%| F|  |TAMS 0x0000000088b00000, 0x0000000088b00000| Untracked 
|  94|0x0000000088c00000, 0x0000000088c00000, 0x0000000088d00000|  0%| F|  |TAMS 0x0000000088c00000, 0x0000000088c00000| Untracked 
|  95|0x0000000088d00000, 0x0000000088d00000, 0x0000000088e00000|  0%| F|  |TAMS 0x0000000088d00000, 0x0000000088d00000| Untracked 
|  96|0x0000000088e00000, 0x0000000088e00000, 0x0000000088f00000|  0%| F|  |TAMS 0x0000000088e00000, 0x0000000088e00000| Untracked 
|  97|0x0000000088f00000, 0x0000000088f00000, 0x0000000089000000|  0%| F|  |TAMS 0x0000000088f00000, 0x0000000088f00000| Untracked 
|  98|0x0000000089000000, 0x0000000089000000, 0x0000000089100000|  0%| F|  |TAMS 0x0000000089000000, 0x0000000089000000| Untracked 
|  99|0x0000000089100000, 0x0000000089100000, 0x0000000089200000|  0%| F|  |TAMS 0x0000000089100000, 0x0000000089100000| Untracked 
| 100|0x0000000089200000, 0x0000000089200000, 0x0000000089300000|  0%| F|  |TAMS 0x0000000089200000, 0x0000000089200000| Untracked 
| 101|0x0000000089300000, 0x0000000089300000, 0x0000000089400000|  0%| F|  |TAMS 0x0000000089300000, 0x0000000089300000| Untracked 
| 102|0x0000000089400000, 0x0000000089400000, 0x0000000089500000|  0%| F|  |TAMS 0x0000000089400000, 0x0000000089400000| Untracked 
| 103|0x0000000089500000, 0x0000000089500000, 0x0000000089600000|  0%| F|  |TAMS 0x0000000089500000, 0x0000000089500000| Untracked 
| 104|0x0000000089600000, 0x0000000089600000, 0x0000000089700000|  0%| F|  |TAMS 0x0000000089600000, 0x0000000089600000| Untracked 
| 105|0x0000000089700000, 0x0000000089700000, 0x0000000089800000|  0%| F|  |TAMS 0x0000000089700000, 0x0000000089700000| Untracked 
| 106|0x0000000089800000, 0x0000000089800000, 0x0000000089900000|  0%| F|  |TAMS 0x0000000089800000, 0x0000000089800000| Untracked 
| 107|0x0000000089900000, 0x0000000089900000, 0x0000000089a00000|  0%| F|  |TAMS 0x0000000089900000, 0x0000000089900000| Untracked 
| 108|0x0000000089a00000, 0x0000000089a00000, 0x0000000089b00000|  0%| F|  |TAMS 0x0000000089a00000, 0x0000000089a00000| Untracked 
| 109|0x0000000089b00000, 0x0000000089b00000, 0x0000000089c00000|  0%| F|  |TAMS 0x0000000089b00000, 0x0000000089b00000| Untracked 
| 110|0x0000000089c00000, 0x0000000089c00000, 0x0000000089d00000|  0%| F|  |TAMS 0x0000000089c00000, 0x0000000089c00000| Untracked 
| 111|0x0000000089d00000, 0x0000000089d00000, 0x0000000089e00000|  0%| F|  |TAMS 0x0000000089d00000, 0x0000000089d00000| Untracked 
| 112|0x0000000089e00000, 0x0000000089e76468, 0x0000000089f00000| 46%| E|  |TAMS 0x0000000089e00000, 0x0000000089e00000| Complete 
| 113|0x0000000089f00000, 0x000000008a000000, 0x000000008a000000|100%| E|CS|TAMS 0x0000000089f00000, 0x0000000089f00000| Complete 
| 114|0x000000008a000000, 0x000000008a100000, 0x000000008a100000|100%| E|CS|TAMS 0x000000008a000000, 0x000000008a000000| Complete 
| 115|0x000000008a100000, 0x000000008a200000, 0x000000008a200000|100%| E|CS|TAMS 0x000000008a100000, 0x000000008a100000| Complete 
| 116|0x000000008a200000, 0x000000008a300000, 0x000000008a300000|100%| E|CS|TAMS 0x000000008a200000, 0x000000008a200000| Complete 
| 117|0x000000008a300000, 0x000000008a400000, 0x000000008a400000|100%| E|CS|TAMS 0x000000008a300000, 0x000000008a300000| Complete 
| 118|0x000000008a400000, 0x000000008a500000, 0x000000008a500000|100%| E|CS|TAMS 0x000000008a400000, 0x000000008a400000| Complete 
| 119|0x000000008a500000, 0x000000008a600000, 0x000000008a600000|100%| E|CS|TAMS 0x000000008a500000, 0x000000008a500000| Complete 
| 120|0x000000008a600000, 0x000000008a700000, 0x000000008a700000|100%| E|CS|TAMS 0x000000008a600000, 0x000000008a600000| Complete 
| 121|0x000000008a700000, 0x000000008a800000, 0x000000008a800000|100%| E|CS|TAMS 0x000000008a700000, 0x000000008a700000| Complete 
| 122|0x000000008a800000, 0x000000008a900000, 0x000000008a900000|100%| E|CS|TAMS 0x000000008a800000, 0x000000008a800000| Complete 
| 123|0x000000008a900000, 0x000000008aa00000, 0x000000008aa00000|100%| E|CS|TAMS 0x000000008a900000, 0x000000008a900000| Complete 
| 124|0x000000008aa00000, 0x000000008ab00000, 0x000000008ab00000|100%| E|CS|TAMS 0x000000008aa00000, 0x000000008aa00000| Complete 
| 125|0x000000008ab00000, 0x000000008ac00000, 0x000000008ac00000|100%| E|CS|TAMS 0x000000008ab00000, 0x000000008ab00000| Complete 

Card table byte_map: [0x000002837a610000,0x000002837aa00000] _byte_map_base: 0x000002837a1f9000

Marking Bits (Prev, Next): (CMBitMap*) 0x0000028373ab39d0, (CMBitMap*) 0x0000028373ab3a10
 Prev Bits: [0x000002837adf0000, 0x000002837cd38000)
 Next Bits: [0x000002837cd40000, 0x000002837ec88000)

Polling page: 0x0000028373220000

Metaspace:

Usage:
  Non-class:     11.54 MB used.
      Class:      1.31 MB used.
       Both:     12.85 MB used.

Virtual space:
  Non-class space:       16.00 MB reserved,      11.62 MB ( 73%) committed,  2 nodes.
      Class space:        1.00 GB reserved,       1.38 MB ( <1%) committed,  1 nodes.
             Both:        1.02 GB reserved,      13.00 MB (  1%) committed. 

Chunk freelists:
   Non-Class:  48.00 KB
       Class:  2.56 MB
        Both:  2.61 MB

MaxMetaspaceSize: unlimited
CompressedClassSpaceSize: 1.00 GB
Initial GC threshold: 21.00 MB
Current GC threshold: 21.00 MB
CDS: off
MetaspaceReclaimPolicy: balanced
 - commit_granule_bytes: 65536.
 - commit_granule_words: 8192.
 - virtual_space_node_default_size: 1048576.
 - enlarge_chunks_in_place: 1.
 - new_chunks_are_fully_committed: 0.
 - uncommit_free_chunks: 1.
 - use_allocation_guard: 0.
 - handle_deallocations: 1.


Internal statistics:

num_allocs_failed_limit: 0.
num_arena_births: 96.
num_arena_deaths: 0.
num_vsnodes_births: 3.
num_vsnodes_deaths: 0.
num_space_committed: 208.
num_space_uncommitted: 0.
num_chunks_returned_to_freelist: 0.
num_chunks_taken_from_freelist: 178.
num_chunk_merges: 0.
num_chunk_splits: 94.
num_chunks_enlarged: 43.
num_purges: 0.
num_inconsistent_stats: 0.

CodeCache: size=49152Kb used=3533Kb max_used=3533Kb free=45618Kb
 bounds [0x0000028377110000, 0x0000028377490000, 0x000002837a110000]
 total_blobs=1377 nmethods=938 adapters=365
 compilation: enabled
              stopped_count=0, restarted_count=0
 full_count=0

Compilation events (20 events):
Event: 0.914 Thread 0x000002830294afd0  928       1       java.io.BufferedReader::ensureOpen (18 bytes)
Event: 0.914 Thread 0x00000283029c4050  929       1       java.io.StreamTokenizer::read (38 bytes)
Event: 0.914 Thread 0x000002830281d220  930   !   1       java.io.BufferedReader::read (104 bytes)
Event: 0.915 Thread 0x000002830294afd0 nmethod 928 0x000002837747ba10 code [0x000002837747bba0, 0x000002837747bd08]
Event: 0.915 Thread 0x00000283029c4050 nmethod 929 0x000002837747bd90 code [0x000002837747bf60, 0x000002837747c148]
Event: 0.915 Thread 0x00000283029c4050  931       1       java.lang.String::equalsIgnoreCase (45 bytes)
Event: 0.915 Thread 0x000002830281d220 nmethod 930 0x000002837747c210 code [0x000002837747c3e0, 0x000002837747c778]
Event: 0.915 Thread 0x00000283029c4050 nmethod 931 0x000002837747ca90 code [0x000002837747cc20, 0x000002837747cda8]
Event: 0.915 Thread 0x00000283029c4050  932       1       java.io.StreamTokenizer::nextToken (1266 bytes)
Event: 0.915 Thread 0x000002830294afd0  933       1       sun.security.provider.PolicyParser::peek (182 bytes)
Event: 0.915 Thread 0x000002830281d220  934       1       sun.security.provider.PolicyParser::match (778 bytes)
Event: 0.916 Thread 0x000002830294afd0 nmethod 933 0x000002837747ce90 code [0x000002837747d080, 0x000002837747d388]
Event: 0.916 Thread 0x000002830294afd0  935       1       java.lang.String::copyValueOf (11 bytes)
Event: 0.916 Thread 0x000002830294afd0 nmethod 935 0x000002837747d590 code [0x000002837747d740, 0x000002837747d8d8]
Event: 0.917 Thread 0x000002830281d220 nmethod 934 0x000002837747da10 code [0x000002837747df40, 0x000002837747f548]
Event: 0.918 Thread 0x00000283029c4050 nmethod 932 0x0000028377480410 code [0x0000028377480860, 0x0000028377481f48]
Event: 0.920 Thread 0x00000283029c4050  937       1       java.lang.Class::forName (47 bytes)
Event: 0.920 Thread 0x00000283029c4050 nmethod 937 0x0000028377482e90 code [0x0000028377483040, 0x0000028377483208]
Event: 0.921 Thread 0x00000283029c4050  938       1       java.net.URI::match (56 bytes)
Event: 0.921 Thread 0x00000283029c4050 nmethod 938 0x0000028377483310 code [0x00000283774834c0, 0x0000028377483678]

GC Heap History (0 events):
No events

Dll operation events (8 events):
Event: 0.019 Loaded shared library C:\Users\vnme1\Downloads\sts-4.18.0.RELEASE\plugins\org.eclipse.justj.openjdk.hotspot.jre.full.win32.x86_64_17.0.6.v20230204-1729\jre\bin\java.dll
Event: 0.336 Loaded shared library C:\Users\vnme1\Downloads\sts-4.18.0.RELEASE\plugins\org.eclipse.justj.openjdk.hotspot.jre.full.win32.x86_64_17.0.6.v20230204-1729\jre\bin\jimage.dll
Event: 0.358 Loaded shared library C:\Users\vnme1\Downloads\sts-4.18.0.RELEASE\plugins\org.eclipse.justj.openjdk.hotspot.jre.full.win32.x86_64_17.0.6.v20230204-1729\jre\bin\net.dll
Event: 0.361 Loaded shared library C:\Users\vnme1\Downloads\sts-4.18.0.RELEASE\plugins\org.eclipse.justj.openjdk.hotspot.jre.full.win32.x86_64_17.0.6.v20230204-1729\jre\bin\nio.dll
Event: 0.369 Loaded shared library C:\Users\vnme1\Downloads\sts-4.18.0.RELEASE\plugins\org.eclipse.justj.openjdk.hotspot.jre.full.win32.x86_64_17.0.6.v20230204-1729\jre\bin\zip.dll
Event: 0.502 Loaded shared library C:\Users\vnme1\Downloads\sts-4.18.0.RELEASE\plugins\org.eclipse.justj.openjdk.hotspot.jre.full.win32.x86_64_17.0.6.v20230204-1729\jre\bin\management.dll
Event: 0.521 Loaded shared library C:\Users\vnme1\Downloads\sts-4.18.0.RELEASE\plugins\org.eclipse.justj.openjdk.hotspot.jre.full.win32.x86_64_17.0.6.v20230204-1729\jre\bin\management_ext.dll
Event: 0.884 Loaded shared library C:\Users\vnme1\Downloads\sts-4.18.0.RELEASE\plugins\org.eclipse.justj.openjdk.hotspot.jre.full.win32.x86_64_17.0.6.v20230204-1729\jre\bin\verify.dll

Deoptimization events (0 events):
No events

Classes unloaded (0 events):
No events

Classes redefined (0 events):
No events

Internal exceptions (13 events):
Event: 0.499 Thread 0x0000028373a5a1e0 Exception <a 'java/lang/NoSuchMethodError'{0x000000008a56d6f0}: 'java.lang.Object java.lang.invoke.DirectMethodHandle$Holder.invokeStaticInit(java.lang.Object)'> (0x000000008a56d6f0) 
thrown [s\src\hotspot\share\interpreter\linkResolver.cpp, line 759]
Event: 0.526 Thread 0x0000028373a5a1e0 Exception <a 'java/lang/NoSuchMethodError'{0x000000008a5ffc50}: 'int java.lang.invoke.DirectMethodHandle$Holder.invokeInterface(java.lang.Object, java.lang.Object)'> (0x000000008a5ffc50) 
thrown [s\src\hotspot\share\interpreter\linkResolver.cpp, line 759]
Event: 0.526 Thread 0x0000028373a5a1e0 Exception <a 'java/lang/IncompatibleClassChangeError'{0x000000008a4032c8}: Found class java.lang.Object, but interface was expected> (0x000000008a4032c8) 
thrown [s\src\hotspot\share\interpreter\linkResolver.cpp, line 826]
Event: 0.528 Thread 0x0000028373a5a1e0 Exception <a 'java/lang/NoSuchMethodError'{0x000000008a408e78}: 'void java.lang.invoke.DirectMethodHandle$Holder.invokeStatic(java.lang.Object, java.lang.Object)'> (0x000000008a408e78) 
thrown [s\src\hotspot\share\interpreter\linkResolver.cpp, line 759]
Event: 0.578 Thread 0x0000028373a5a1e0 Exception <a 'java/lang/NoSuchMethodError'{0x000000008a4d6d98}: 'int java.lang.invoke.DirectMethodHandle$Holder.invokeSpecial(java.lang.Object, java.lang.Object, java.lang.Object)'> (0x000000008a4d6d98) 
thrown [s\src\hotspot\share\interpreter\linkResolver.cpp, line 759]
Event: 0.627 Thread 0x0000028373a5a1e0 Exception <a 'java/lang/NoSuchMethodError'{0x000000008a3e15b0}: 'void java.lang.invoke.DirectMethodHandle$Holder.invokeStatic(java.lang.Object, java.lang.Object, java.lang.Object)'> (0x000000008a3e15b0) 
thrown [s\src\hotspot\share\interpreter\linkResolver.cpp, line 759]
Event: 0.659 Thread 0x0000028373a5a1e0 Exception <a 'java/lang/NoSuchMethodError'{0x000000008a22c1f8}: 'int java.lang.invoke.DirectMethodHandle$Holder.invokeSpecialIFC(java.lang.Object, java.lang.Object, java.lang.Object)'> (0x000000008a22c1f8) 
thrown [s\src\hotspot\share\interpreter\linkResolver.cpp, line 759]
Event: 0.682 Thread 0x0000028373a5a1e0 Exception <a 'java/lang/NoSuchMethodError'{0x000000008a2a2138}: 'java.lang.Object java.lang.invoke.DirectMethodHandle$Holder.invokeStaticInit(java.lang.Object, int, int, int, int)'> (0x000000008a2a2138) 
thrown [s\src\hotspot\share\interpreter\linkResolver.cpp, line 759]
Event: 0.776 Thread 0x0000028373a5a1e0 Exception <a 'java/lang/NoSuchMethodError'{0x000000008a2fe070}: 'java.lang.Object java.lang.invoke.DirectMethodHandle$Holder.invokeStaticInit(java.lang.Object, java.lang.Object, int, int, int, int)'> (0x000000008a2fe070) 
thrown [s\src\hotspot\share\interpreter\linkResolver.cpp, line 759]
Event: 0.785 Thread 0x0000028373a5a1e0 Exception <a 'java/lang/ClassNotFoundException'{0x000000008a119bd0}: javax/management/remote/rmi/RMIServerImpl_Skel> (0x000000008a119bd0) 
thrown [s\src\hotspot\share\classfile\systemDictionary.cpp, line 256]
Event: 0.838 Thread 0x0000028373a5a1e0 Exception <a 'java/lang/ClassNotFoundException'{0x000000008a0640c0}: jdk/internal/agent/resources/spi/agentProvider> (0x000000008a0640c0) 
thrown [s\src\hotspot\share\classfile\systemDictionary.cpp, line 256]
Event: 0.919 Thread 0x0000028373a5a1e0 Exception <a 'java/lang/ClassNotFoundException'{0x0000000089e284e8}: javax/smartcardio/CardPermission> (0x0000000089e284e8) 
thrown [s\src\hotspot\share\classfile\systemDictionary.cpp, line 256]
Event: 0.924 Thread 0x0000028373a5a1e0 Exception <a 'java/io/FileNotFoundException'{0x0000000089e36ec0}> (0x0000000089e36ec0) 
thrown [s\src\hotspot\share\prims\jni.cpp, line 516]

VM Operations (8 events):
Event: 0.310 Executing VM operation: HandshakeAllThreads
Event: 0.310 Executing VM operation: HandshakeAllThreads done
Event: 0.639 Executing VM operation: HandshakeAllThreads
Event: 0.639 Executing VM operation: HandshakeAllThreads done
Event: 0.672 Executing VM operation: HandshakeAllThreads
Event: 0.672 Executing VM operation: HandshakeAllThreads done
Event: 0.785 Executing VM operation: HandshakeAllThreads
Event: 0.785 Executing VM operation: HandshakeAllThreads done

Events (20 events):
Event: 0.921 loading class sun/security/util/PolicyUtil done
Event: 0.924 loading class java/io/FileNotFoundException
Event: 0.924 loading class java/io/FileNotFoundException done
Event: 0.924 loading class sun/security/provider/PolicyParser$ParsingException
Event: 0.924 loading class java/security/GeneralSecurityException
Event: 0.924 loading class java/security/GeneralSecurityException done
Event: 0.924 loading class sun/security/provider/PolicyParser$ParsingException done
Event: 0.924 loading class sun/security/provider/PolicyFile$6
Event: 0.924 loading class sun/security/provider/PolicyFile$6 done
Event: 0.926 loading class sun/security/provider/PolicyFile$8
Event: 0.926 loading class sun/security/provider/PolicyFile$8 done
Event: 0.926 loading class sun/security/provider/PolicyFile$SelfPermission
Event: 0.926 loading class sun/security/provider/PolicyFile$SelfPermission done
Event: 0.926 loading class java/util/PropertyPermissionCollection
Event: 0.927 loading class java/util/PropertyPermissionCollection done
Event: 0.927 loading class java/util/PropertyPermissionCollection$1
Event: 0.927 loading class java/util/PropertyPermissionCollection$1 done
Event: 0.927 loading class sun/net/www/protocol/file/FileURLConnection
Event: 0.927 loading class sun/net/www/URLConnection
Event: 0.927 loading class java/net/URLConnection


Dynamic libraries:
0x00007ff60fc90000 - 0x00007ff60fc9e000 	C:\Users\vnme1\Downloads\sts-4.18.0.RELEASE\plugins\org.eclipse.justj.openjdk.hotspot.jre.full.win32.x86_64_17.0.6.v20230204-1729\jre\bin\javaw.exe
0x00007ffff9460000 - 0x00007ffff9669000 	C:\WINDOWS\SYSTEM32\ntdll.dll
0x00007ffff8a40000 - 0x00007ffff8afe000 	C:\WINDOWS\System32\KERNEL32.DLL
0x00007ffff6be0000 - 0x00007ffff6f5c000 	C:\WINDOWS\System32\KERNELBASE.dll
0x00007ffff6ac0000 - 0x00007ffff6bd1000 	C:\WINDOWS\System32\ucrtbase.dll
0x00007fffcc190000 - 0x00007fffcc1a9000 	C:\Users\vnme1\Downloads\sts-4.18.0.RELEASE\plugins\org.eclipse.justj.openjdk.hotspot.jre.full.win32.x86_64_17.0.6.v20230204-1729\jre\bin\VCRUNTIME140.dll
0x00007fffcc170000 - 0x00007fffcc187000 	C:\Users\vnme1\Downloads\sts-4.18.0.RELEASE\plugins\org.eclipse.justj.openjdk.hotspot.jre.full.win32.x86_64_17.0.6.v20230204-1729\jre\bin\jli.dll
0x00007ffff8b00000 - 0x00007ffff8cad000 	C:\WINDOWS\System32\USER32.dll
0x00007ffff69f0000 - 0x00007ffff6a16000 	C:\WINDOWS\System32\win32u.dll
0x00007ffff7ac0000 - 0x00007ffff7ae9000 	C:\WINDOWS\System32\GDI32.dll
0x00007ffff6fd0000 - 0x00007ffff70e8000 	C:\WINDOWS\System32\gdi32full.dll
0x00007fffddfb0000 - 0x00007fffde255000 	C:\WINDOWS\WinSxS\amd64_microsoft.windows.common-controls_6595b64144ccf1df_6.0.22000.120_none_9d947278b86cc467\COMCTL32.dll
0x00007ffff6a20000 - 0x00007ffff6abd000 	C:\WINDOWS\System32\msvcp_win.dll
0x00007ffff7dd0000 - 0x00007ffff7e73000 	C:\WINDOWS\System32\msvcrt.dll
0x00007ffff8590000 - 0x00007ffff85c1000 	C:\WINDOWS\System32\IMM32.DLL
0x00007fffdd620000 - 0x00007fffdd62c000 	C:\Users\vnme1\Downloads\sts-4.18.0.RELEASE\plugins\org.eclipse.justj.openjdk.hotspot.jre.full.win32.x86_64_17.0.6.v20230204-1729\jre\bin\vcruntime140_1.dll
0x00007fffc40a0000 - 0x00007fffc4131000 	C:\Users\vnme1\Downloads\sts-4.18.0.RELEASE\plugins\org.eclipse.justj.openjdk.hotspot.jre.full.win32.x86_64_17.0.6.v20230204-1729\jre\bin\msvcp140.dll
0x00007fffbfc50000 - 0x00007fffc0897000 	C:\Users\vnme1\Downloads\sts-4.18.0.RELEASE\plugins\org.eclipse.justj.openjdk.hotspot.jre.full.win32.x86_64_17.0.6.v20230204-1729\jre\bin\server\jvm.dll
0x00007ffff8230000 - 0x00007ffff82de000 	C:\WINDOWS\System32\ADVAPI32.dll
0x00007ffff82e0000 - 0x00007ffff837e000 	C:\WINDOWS\System32\sechost.dll
0x00007ffff9220000 - 0x00007ffff9340000 	C:\WINDOWS\System32\RPCRT4.dll
0x00007fffed5a0000 - 0x00007fffed5d3000 	C:\WINDOWS\SYSTEM32\WINMM.dll
0x00007fffe2530000 - 0x00007fffe253a000 	C:\WINDOWS\SYSTEM32\VERSION.dll
0x00007fffec820000 - 0x00007fffec829000 	C:\WINDOWS\SYSTEM32\WSOCK32.dll
0x00007ffff8380000 - 0x00007ffff83ef000 	C:\WINDOWS\System32\WS2_32.dll
0x00007ffff5aa0000 - 0x00007ffff5ab8000 	C:\WINDOWS\SYSTEM32\kernel.appcore.dll
0x00007fffe3f10000 - 0x00007fffe3f1a000 	C:\Users\vnme1\Downloads\sts-4.18.0.RELEASE\plugins\org.eclipse.justj.openjdk.hotspot.jre.full.win32.x86_64_17.0.6.v20230204-1729\jre\bin\jimage.dll
0x00007ffff0a50000 - 0x00007ffff0c71000 	C:\WINDOWS\SYSTEM32\DBGHELP.DLL
0x00007fffdd820000 - 0x00007fffdd851000 	C:\WINDOWS\SYSTEM32\dbgcore.DLL
0x00007ffff7260000 - 0x00007ffff72df000 	C:\WINDOWS\System32\bcryptPrimitives.dll
0x00007fffcc000000 - 0x00007fffcc025000 	C:\Users\vnme1\Downloads\sts-4.18.0.RELEASE\plugins\org.eclipse.justj.openjdk.hotspot.jre.full.win32.x86_64_17.0.6.v20230204-1729\jre\bin\java.dll
0x00007fffcbcd0000 - 0x00007fffcbce8000 	C:\Users\vnme1\Downloads\sts-4.18.0.RELEASE\plugins\org.eclipse.justj.openjdk.hotspot.jre.full.win32.x86_64_17.0.6.v20230204-1729\jre\bin\zip.dll
0x00007ffff72e0000 - 0x00007ffff7aa5000 	C:\WINDOWS\System32\SHELL32.dll
0x00007ffff4a30000 - 0x00007ffff5295000 	C:\WINDOWS\SYSTEM32\windows.storage.dll
0x00007ffff86c0000 - 0x00007ffff8a36000 	C:\WINDOWS\System32\combase.dll
0x00007ffff48c0000 - 0x00007ffff4a26000 	C:\WINDOWS\SYSTEM32\wintypes.dll
0x00007ffff85d0000 - 0x00007ffff86ba000 	C:\WINDOWS\System32\SHCORE.dll
0x00007ffff93c0000 - 0x00007ffff941d000 	C:\WINDOWS\System32\shlwapi.dll
0x00007ffff6860000 - 0x00007ffff6881000 	C:\WINDOWS\SYSTEM32\profapi.dll
0x00007fffc52e0000 - 0x00007fffc52f9000 	C:\Users\vnme1\Downloads\sts-4.18.0.RELEASE\plugins\org.eclipse.justj.openjdk.hotspot.jre.full.win32.x86_64_17.0.6.v20230204-1729\jre\bin\net.dll
0x00007fffee470000 - 0x00007fffee582000 	C:\WINDOWS\SYSTEM32\WINHTTP.dll
0x00007ffff5f40000 - 0x00007ffff5fa7000 	C:\WINDOWS\system32\mswsock.dll
0x00007fffc4ad0000 - 0x00007fffc4ae5000 	C:\Users\vnme1\Downloads\sts-4.18.0.RELEASE\plugins\org.eclipse.justj.openjdk.hotspot.jre.full.win32.x86_64_17.0.6.v20230204-1729\jre\bin\nio.dll
0x00007fffdcdd0000 - 0x00007fffdcdd9000 	C:\Users\vnme1\Downloads\sts-4.18.0.RELEASE\plugins\org.eclipse.justj.openjdk.hotspot.jre.full.win32.x86_64_17.0.6.v20230204-1729\jre\bin\management.dll
0x00007fffdc890000 - 0x00007fffdc89b000 	C:\Users\vnme1\Downloads\sts-4.18.0.RELEASE\plugins\org.eclipse.justj.openjdk.hotspot.jre.full.win32.x86_64_17.0.6.v20230204-1729\jre\bin\management_ext.dll
0x00007ffff7af0000 - 0x00007ffff7af8000 	C:\WINDOWS\System32\PSAPI.DLL
0x00007fffde320000 - 0x00007fffde337000 	C:\WINDOWS\system32\napinsp.dll
0x00007fffde300000 - 0x00007fffde31b000 	C:\WINDOWS\system32\pnrpnsp.dll
0x00007ffff5640000 - 0x00007ffff5728000 	C:\WINDOWS\SYSTEM32\DNSAPI.dll
0x00007ffff5610000 - 0x00007ffff563d000 	C:\WINDOWS\SYSTEM32\IPHLPAPI.DLL
0x00007ffff81b0000 - 0x00007ffff81b9000 	C:\WINDOWS\System32\NSI.dll
0x00007fffde2e0000 - 0x00007fffde2f2000 	C:\WINDOWS\System32\winrnr.dll
0x00007fffecf10000 - 0x00007fffecf25000 	C:\WINDOWS\system32\wshbth.dll
0x00007fffde2a0000 - 0x00007fffde2bf000 	C:\WINDOWS\system32\nlansp_c.dll
0x00007fffe9800000 - 0x00007fffe980a000 	C:\Windows\System32\rasadhlp.dll
0x00007fffecd50000 - 0x00007fffecdd1000 	C:\WINDOWS\System32\fwpuclnt.dll
0x00007ffff6180000 - 0x00007ffff6198000 	C:\WINDOWS\SYSTEM32\CRYPTSP.dll
0x00007ffff5a00000 - 0x00007ffff5a35000 	C:\WINDOWS\system32\rsaenh.dll
0x00007ffff6030000 - 0x00007ffff6059000 	C:\WINDOWS\SYSTEM32\USERENV.dll
0x00007ffff6310000 - 0x00007ffff6337000 	C:\WINDOWS\SYSTEM32\bcrypt.dll
0x00007ffff61a0000 - 0x00007ffff61ac000 	C:\WINDOWS\SYSTEM32\CRYPTBASE.dll
0x00007fffee340000 - 0x00007fffee359000 	C:\WINDOWS\SYSTEM32\dhcpcsvc6.DLL
0x00007fffee5e0000 - 0x00007fffee5fe000 	C:\WINDOWS\SYSTEM32\dhcpcsvc.DLL
0x00007fffe0600000 - 0x00007fffe0610000 	C:\Users\vnme1\Downloads\sts-4.18.0.RELEASE\plugins\org.eclipse.justj.openjdk.hotspot.jre.full.win32.x86_64_17.0.6.v20230204-1729\jre\bin\verify.dll

dbghelp: loaded successfully - version: 4.0.5 - missing functions: none
symbol engine: initialized successfully - sym options: 0x614 - pdb path: .;C:\Users\vnme1\Downloads\sts-4.18.0.RELEASE\plugins\org.eclipse.justj.openjdk.hotspot.jre.full.win32.x86_64_17.0.6.v20230204-1729\jre\bin;C:\WINDOWS\SYSTEM32;C:\WINDOWS\WinSxS\amd64_microsoft.windows.common-controls_6595b64144ccf1df_6.0.22000.120_none_9d947278b86cc467;C:\Users\vnme1\Downloads\sts-4.18.0.RELEASE\plugins\org.eclipse.justj.openjdk.hotspot.jre.full.win32.x86_64_17.0.6.v20230204-1729\jre\bin\server

VM Arguments:
jvm_args: -Dcom.sun.management.jmxremote -Dcom.sun.management.jmxremote.port=5570 -Dcom.sun.management.jmxremote.authenticate=false -Dcom.sun.management.jmxremote.ssl=false -Djava.rmi.server.hostname=localhost -Dspring.jmx.enabled=true -Dmanagement.endpoints.jmx.exposure.include=* -Dspring.application.admin.enabled=true -XX:TieredStopAtLevel=1 -Dspring.boot.project.name=springEx1 -Dfile.encoding=UTF-8 -XX:+ShowCodeDetailsInExceptionMessages 
java_command: com.co.kr.SpringEx1Application --spring.output.ansi.enabled=always
java_class_path (initial): C:\Users\vnme1\Documents\workspace-spring-tool-suite-4-4.18.0.RELEASE\springEx1\target\classes;C:\Users\vnme1\.m2\repository\org\springframework\boot\spring-boot-starter-thymeleaf\2.7.9\spring-boot-starter-thymeleaf-2.7.9.jar;C:\Users\vnme1\.m2\repository\org\springframework\boot\spring-boot-starter\2.7.9\spring-boot-starter-2.7.9.jar;C:\Users\vnme1\.m2\repository\org\springframework\boot\spring-boot-starter-logging\2.7.9\spring-boot-starter-logging-2.7.9.jar;C:\Users\vnme1\.m2\repository\ch\qos\logback\logback-classic\1.2.11\logback-classic-1.2.11.jar;C:\Users\vnme1\.m2\repository\ch\qos\logback\logback-core\1.2.11\logback-core-1.2.11.jar;C:\Users\vnme1\.m2\repository\org\apache\logging\log4j\log4j-to-slf4j\2.17.2\log4j-to-slf4j-2.17.2.jar;C:\Users\vnme1\.m2\repository\org\apache\logging\log4j\log4j-api\2.17.2\log4j-api-2.17.2.jar;C:\Users\vnme1\.m2\repository\org\slf4j\jul-to-slf4j\1.7.36\jul-to-slf4j-1.7.36.jar;C:\Users\vnme1\.m2\repository\jakarta\annotation\jakarta.annotation-api\1.3.5\jakarta.annotation-api-1.3.5.jar;C:\Users\vnme1\.m2\repository\org\yaml\snakeyaml\1.30\snakeyaml-1.30.jar;C:\Users\vnme1\.m2\repository\org\thymeleaf\thymeleaf-spring5\3.0.15.RELEASE\thymeleaf-spring5-3.0.15.RELEASE.jar;C:\Users\vnme1\.m2\repository\org\slf4j\slf4j-api\1.7.36\slf4j-api-1.7.36.jar;C:\Users\vnme1\.m2\repository\org\thymeleaf\extras\thymeleaf-extras-java8time\3.0.4.RELEASE\thymeleaf-extras-java8time-3.0.4.RELEASE.jar;C:\Users\vnme1\.m2\repository\org\springframework\boot\spring-boot-starter-web\2.7.9\spring-boot-starter-web-2.7.9.jar;C:\Users\vnme1\.m2\repository\org\springframework\boot\spring-boot-starter-json\2.7.9\spring-boot-starter-json-2.7.9.jar;C:\Users\vnme1\.m2\repository\com\fasterxml\jackson\core\jackson-databind\2.13.5\jackson-databind-2.13.5.jar;C:\Users\vnme1\.m2\repository\com\fasterxml\jackson\core\jackson-annotations\2.13.5\jackson-annotations-2.13.5.jar;C:\Users\vnme1\.m2\repository\com\fasterxml\jackson\core\jackson-c
Launcher Type: SUN_STANDARD

[Global flags]
     intx CICompilerCount                          = 4                                         {product} {ergonomic}
     uint ConcGCThreads                            = 2                                         {product} {ergonomic}
     uint G1ConcRefinementThreads                  = 8                                         {product} {ergonomic}
   size_t G1HeapRegionSize                         = 1048576                                   {product} {ergonomic}
    uintx GCDrainStackTargetSize                   = 64                                        {product} {ergonomic}
   size_t InitialHeapSize                          = 132120576                                 {product} {ergonomic}
     bool ManagementServer                         = true                                      {product} {command line}
   size_t MarkStackSize                            = 4194304                                   {product} {ergonomic}
   size_t MaxHeapSize                              = 2099249152                                {product} {ergonomic}
   size_t MaxNewSize                               = 1259339776                                {product} {ergonomic}
   size_t MinHeapDeltaBytes                        = 1048576                                   {product} {ergonomic}
   size_t MinHeapSize                              = 8388608                                   {product} {ergonomic}
    uintx NonProfiledCodeHeapSize                  = 0                                      {pd product} {ergonomic}
     bool ProfileInterpreter                       = false                                  {pd product} {command line}
    uintx ProfiledCodeHeapSize                     = 0                                      {pd product} {ergonomic}
     bool ShowCodeDetailsInExceptionMessages       = true                                   {manageable} {command line}
   size_t SoftMaxHeapSize                          = 2099249152                             {manageable} {ergonomic}
     intx TieredStopAtLevel                        = 1                                         {product} {command line}
     bool UseCompressedClassPointers               = true                           {product lp64_product} {ergonomic}
     bool UseCompressedOops                        = true                           {product lp64_product} {ergonomic}
     bool UseG1GC                                  = true                                      {product} {ergonomic}
     bool UseLargePagesIndividualAllocation        = false                                  {pd product} {ergonomic}

Logging:
Log output configuration:
 #0: stdout all=warning uptime,level,tags
 #1: stderr all=off uptime,level,tags

Environment Variables:
JAVA_HOME=C:\Program Files\Java\jdk-14.0.2
PATH=C:/Users/vnme1/Downloads/sts-4.18.0.RELEASE//plugins/org.eclipse.justj.openjdk.hotspot.jre.full.win32.x86_64_17.0.6.v20230204-1729/jre/bin/server;C:/Users/vnme1/Downloads/sts-4.18.0.RELEASE//plugins/org.eclipse.justj.openjdk.hotspot.jre.full.win32.x86_64_17.0.6.v20230204-1729/jre/bin;C:\oraclexe\app\oracle\product\11.2.0\server\bin;C:\Program Files (x86)\VMware\VMware Player\bin\;C:\Program Files\Common Files\Oracle\Java\javapath;C:\Program Files (x86)\NAT Service;C:\WINDOWS\system32;C:\WINDOWS;C:\WINDOWS\System32\Wbem;C:\WINDOWS\System32\WindowsPowerShell\v1.0\;C:\WINDOWS\System32\OpenSSH\;C:\Program Files\dotnet\;C:\Program Files\nodejs\;C:\Program Files\Git\cmd;C:\apache-maven-3.9.0-bin\apache-maven-3.9.0\bin;C:\Program Files\MySQL\MySQL Server 8.0\bin;C:\Program Files\MySQL\MySQL Shell 8.0\bin\;C:\Users\vnme1\AppData\Local\Programs\Python\Python39\Scripts\;C:\Users\vnme1\AppData\Local\Programs\Python\Python39\;C:\Users\vnme1\AppData\Local\Microsoft\WindowsApps;;C:\Users\vnme1\AppData\Local\Programs\Microsoft VS Code\bin;C:\Program Files\Bandizip\;C:\Users\vnme1\.dotnet\tools;C:\Users\vnme1\AppData\Roaming\npm;C:\Users\vnme1\Downloads\sts-4.18.0.RELEASE;
USERNAME=vnme1
OS=Windows_NT
PROCESSOR_IDENTIFIER=Intel64 Family 6 Model 142 Stepping 12, GenuineIntel
TMP=C:\Users\vnme1\AppData\Local\Temp
TEMP=C:\Users\vnme1\AppData\Local\Temp



---------------  S Y S T E M  ---------------

OS:
 Windows 11 , 64 bit Build 22000 (10.0.22000.1516)
OS uptime: 0 days 1:05 hours

CPU: total 8 (initial active 8) (4 cores per cpu, 2 threads per core) family 6 model 142 stepping 12 microcode 0xde, cx8, cmov, fxsr, ht, mmx, 3dnowpref, sse, sse2, sse3, ssse3, sse4.1, sse4.2, popcnt, lzcnt, tsc, tscinvbit, avx, avx2, aes, erms, clmul, bmi1, bmi2, adx, fma, vzeroupper, clflush, clflushopt

Memory: 4k page, system-wide physical 8001M (856M free)
TotalPageFile size 9301M (AvailPageFile size 4M)
current process WorkingSet (physical memory assigned to process): 60M, peak: 60M
current process commit charge ("private bytes"): 212M, peak: 212M

vm_info: OpenJDK 64-Bit Server VM (17.0.6+10) for windows-amd64 JRE (17.0.6+10), built on Jan 18 2023 10:08:59 by "temurin" with MS VC++ 16.7 (VS2019)

END.
